<?xml version="1.0" encoding="UTF-8"?>
<testExecutions version="1">
  <file path="C:\Dev\Faculdade\testes_1_aula\__tests__\application\TransferenciaServicoMock.test.ts">
    <testCase name="Transferencia serviço mock transferir com sucesso" duration="105"/>
    <testCase name="conta de origem não encontrada" duration="5"/>
    <testCase name="conta de destino não encontrada" duration="2"/>
  </file>
  <file path="C:\Dev\Faculdade\testes_1_aula\__tests__\model\service\TransferenciaValor.test.ts">
    <testCase name="Transferência Valor transferencia de valor entre contas com sucesso" duration="18"/>
  </file>
  <file path="C:\Dev\Faculdade\testes_1_aula\__tests__\application\TransferenciaServico.test.ts">
    <testCase name="Transferência Serviço transferir com sucesso" duration="34"/>
    <testCase name="Transferência Serviço conta de origem não encontrada" duration="2"/>
    <testCase name="Transferência Serviço conta de destino não encontrada" duration="0"/>
  </file>
  <file path="C:\Dev\Faculdade\testes_1_aula\__tests__\model\Recibo.test.ts">
    <testCase name="Recibo Criar com sucesso" duration="14"/>
    <testCase name="Recibo criar recibos diferentes" duration="1"/>
  </file>
  <file path="C:\Dev\Faculdade\testes_1_aula\__tests__\model\Conta.test.ts">
    <testCase name="Conta sacar com sucesso" duration="13"/>
    <testCase name="Conta sacar com valor zerado" duration="28"/>
    <testCase name="Conta sacar com valor negativo" duration="2"/>
    <testCase name="Conta sacar valor acima do saldo" duration="2"/>
    <testCase name="Conta depositar com sucesso" duration="1"/>
    <testCase name="Conta depositar com valor zerado" duration="2"/>
    <testCase name="Conta depositar com valor negativo" duration="1"/>
    <testCase name="Conta sacar todo o saldo" duration="0"/>
  </file>
  <file path="C:\Dev\Faculdade\testes_1_aula\__tests__\model\NumeroConta.test.ts">
    <testCase name="Número Conta conta com seis dígitos" duration="13"/>
    <testCase name="Número Conta conta com cinco dígitos" duration="21"/>
    <testCase name="Número Conta conta com sete dígitos" duration="10"/>
    <testCase name="Número Conta conta com valor que não sejam digitos" duration="2"/>
  </file>
  <file path="C:\Dev\Faculdade\testes_1_aula\.stryker-tmp\sandbox7238531\__tests__\model\NumeroConta.test.ts">
    <testCase name="Número Conta conta com seis dígitos" duration="14"/>
    <testCase name="Número Conta conta com cinco dígitos" duration="19"/>
    <testCase name="Número Conta conta com sete dígitos" duration="2"/>
    <testCase name="Número Conta conta com valor que não sejam digitos" duration="2"/>
  </file>
  <file path="C:\Dev\Faculdade\testes_1_aula\.stryker-tmp\sandbox7238531\__tests__\model\Conta.test.ts">
    <testCase name="Conta sacar com sucesso" duration="13"/>
    <testCase name="Conta sacar com valor zerado" duration="14"/>
    <testCase name="Conta sacar com valor negativo" duration="1"/>
    <testCase name="Conta sacar valor acima do saldo" duration="1"/>
    <testCase name="Conta depositar com sucesso" duration="1"/>
    <testCase name="Conta depositar com valor zerado" duration="1"/>
    <testCase name="Conta depositar com valor negativo" duration="1"/>
  </file>
  <file path="C:\Dev\Faculdade\testes_1_aula\.stryker-tmp\sandbox7238531\__tests__\model\service\TransferenciaValor.test.ts">
    <testCase name="Transferência Valor transferencia de valor entre contas com sucesso" duration="9"/>
  </file>
  <file path="C:\Dev\Faculdade\testes_1_aula\.stryker-tmp\sandbox7238531\__tests__\model\Recibo.test.ts">
    <testCase name="Recibo Criar com sucesso" duration="8"/>
  </file>
  <file path="C:\Dev\Faculdade\testes_1_aula\.stryker-tmp\sandbox7238531\__tests__\application\TransferenciaServico.test.ts">
    <testCase name="Transferência Serviço transferir com sucesso" duration="8"/>
    <testCase name="Transferência Serviço conta de origem não encontrada" duration="2"/>
    <testCase name="Transferência Serviço conta de destino não encontrada" duration="1"/>
  </file>
  <file path="C:\Dev\Faculdade\testes_1_aula\.stryker-tmp\sandbox7238531\__tests__\application\TransferenciaServicoMock.test.ts">
    <testCase name="Transferencia serviço mock transferir com sucesso" duration="9"/>
    <testCase name="conta de origem não encontrada" duration="1"/>
    <testCase name="conta de destino não encontrada" duration="1"/>
  </file>
</testExecutions>